<?xml version="1.0" encoding="UTF-8"?>
<!-- Generated by org.testng.reporters.JUnitReportReporter -->
<testsuite skipped="0" hostname="INTEL" name="TestCases.Login_Page" tests="1" failures="0" timestamp="2020-02-24T09:14:41 IST" time="50.296" errors="0">
  <testcase name="login" time="50.296" classname="TestCases.Login_Page"/>
</testsuite> <!-- TestCases.Login_Page -->
